2026-07-20 19:50:01,131 - main - INFO - === Logging system initialized ===
2026-07-20 19:50:01,131 - main - INFO - Log file: logs/app_20260720.log
2026-07-20 19:50:01,131 - main - INFO - Log level: DEBUG
2026-07-20 19:50:01,131 - main - INFO - Log date: 20260720
2026-07-20 19:50:02,879 - main - INFO - Included router: routers.accounts.router
2026-07-20 19:50:02,983 - main - INFO - Included router: routers.ai_logs.router
2026-07-20 19:50:20,230 - main - INFO - Included router: routers.aihub.router
2026-07-20 19:50:20,278 - main - INFO - Included router: routers.auth.router
2026-07-20 19:50:20,345 - main - INFO - Included router: routers.compiler.router
2026-07-20 19:50:20,404 - main - INFO - Included router: routers.dashboard.router
2026-07-20 19:50:20,509 - main - INFO - Included router: routers.health.router
2026-07-20 19:50:20,610 - main - INFO - Included router: routers.ledger_entries.router
2026-07-20 19:50:20,705 - main - INFO - Included router: routers.ledger_transactions.router
2026-07-20 19:50:20,792 - main - INFO - Included router: routers.payment_verifications.router
2026-07-20 19:50:20,876 - main - INFO - Included router: routers.products.router
2026-07-20 19:50:20,941 - main - INFO - Included router: routers.settings.router
2026-07-20 19:50:21,020 - main - INFO - Included router: routers.shipments.router
2026-07-20 19:50:21,183 - main - INFO - Included router: routers.storage.router
2026-07-20 19:50:21,349 - main - INFO - Included router: routers.tenant_settings.router
2026-07-20 19:50:21,465 - main - INFO - Included router: routers.tenants.router
2026-07-20 19:50:21,511 - main - INFO - Included router: routers.user.router
2026-07-20 19:50:21,512 - main - INFO - === Application startup initiated ===
2026-07-20 19:50:21,512 - services.database - INFO - Ignore creating tables
2026-07-20 19:50:21,512 - services.mock_data - INFO - Ignore initialize data
2026-07-20 19:50:21,513 - services.auth - INFO - Ignore initialize admin
2026-07-20 19:50:21,513 - main - INFO - === Application startup completed successfully ===
2026-07-20 19:59:09,690 - core.config - DEBUG - Read dynamic attribute jwt_secret_key from environment variable JWT_SECRET_KEY
2026-07-20 19:59:09,690 - core.config - DEBUG - Read dynamic attribute jwt_algorithm from environment variable JWT_ALGORITHM
2026-07-20 19:59:10,056 - core.auth - DEBUG - Authentication token validated for user hash: 9e42908b
2026-07-20 19:59:56,693 - core.auth - DEBUG - Authentication token validated for user hash: 9e42908b
2026-07-20 19:59:58,970 - dependencies.auth - DEBUG - Authentication required for request GET /api/v1/auth/me
2026-07-20 20:00:21,455 - services.database - DEBUG - [DB_OP] Starting database close
2026-07-20 20:00:21,455 - services.database - INFO - Database connections closed
2026-07-20 20:00:21,456 - services.database - DEBUG - [DB_OP] Database close completed in 0.0005s
2026-07-20 20:00:36,196 - main - INFO - === Logging system initialized ===
2026-07-20 20:00:36,196 - main - INFO - Log file: logs/app_20260720.log
2026-07-20 20:00:36,196 - main - INFO - Log level: DEBUG
2026-07-20 20:00:36,196 - main - INFO - Log date: 20260720
2026-07-20 20:00:36,711 - main - INFO - Included router: routers.accounts.router
2026-07-20 20:00:36,747 - main - INFO - Included router: routers.ai_logs.router
2026-07-20 20:00:37,832 - main - INFO - Included router: routers.aihub.router
2026-07-20 20:00:37,851 - main - INFO - Included router: routers.auth.router
2026-07-20 20:00:37,864 - main - INFO - Included router: routers.compiler.router
2026-07-20 20:00:37,880 - main - INFO - Included router: routers.dashboard.router
2026-07-20 20:00:37,882 - main - INFO - Included router: routers.health.router
2026-07-20 20:00:37,907 - main - INFO - Included router: routers.ledger_entries.router
2026-07-20 20:00:37,935 - main - INFO - Included router: routers.ledger_transactions.router
2026-07-20 20:00:37,985 - main - INFO - Included router: routers.payment_verifications.router
2026-07-20 20:00:38,023 - main - INFO - Included router: routers.products.router
2026-07-20 20:00:38,057 - main - INFO - Included router: routers.settings.router
2026-07-20 20:00:38,095 - main - INFO - Included router: routers.shipments.router
2026-07-20 20:00:38,126 - main - INFO - Included router: routers.storage.router
2026-07-20 20:00:38,253 - main - INFO - Included router: routers.tenant_settings.router
2026-07-20 20:00:38,288 - main - INFO - Included router: routers.tenants.router
2026-07-20 20:00:38,297 - main - INFO - Included router: routers.user.router
2026-07-20 20:00:38,298 - main - INFO - === Application startup initiated ===
2026-07-20 20:00:38,299 - services.database - INFO - Ignore creating tables
2026-07-20 20:00:38,299 - services.mock_data - INFO - Ignore initialize data
2026-07-20 20:00:38,299 - services.auth - INFO - Ignore initialize admin
2026-07-20 20:00:38,299 - main - INFO - === Application startup completed successfully ===
2026-07-20 20:01:18,256 - services.database - DEBUG - [DB_OP] Starting database close
2026-07-20 20:01:18,256 - services.database - INFO - Database connections closed
2026-07-20 20:01:18,256 - services.database - DEBUG - [DB_OP] Database close completed in 0.0004s
2026-07-20 20:01:32,583 - main - INFO - === Logging system initialized ===
2026-07-20 20:01:32,583 - main - INFO - Log file: logs/app_20260720.log
2026-07-20 20:01:32,583 - main - INFO - Log level: DEBUG
2026-07-20 20:01:32,583 - main - INFO - Log date: 20260720
2026-07-20 20:01:32,685 - main - INFO - Included router: routers.accounts.router
2026-07-20 20:01:32,734 - main - INFO - Included router: routers.ai_logs.router
2026-07-20 20:01:33,542 - main - INFO - Included router: routers.aihub.router
2026-07-20 20:01:33,558 - main - INFO - Included router: routers.auth.router
2026-07-20 20:01:33,566 - main - INFO - Included router: routers.compiler.router
2026-07-20 20:01:33,583 - main - INFO - Included router: routers.dashboard.router
2026-07-20 20:01:33,585 - main - INFO - Included router: routers.health.router
2026-07-20 20:01:33,611 - main - INFO - Included router: routers.ledger_entries.router
2026-07-20 20:01:33,639 - main - INFO - Included router: routers.ledger_transactions.router
2026-07-20 20:01:33,671 - main - INFO - Included router: routers.payment_verifications.router
2026-07-20 20:01:33,708 - main - INFO - Included router: routers.products.router
2026-07-20 20:01:33,723 - main - INFO - Included router: routers.settings.router
2026-07-20 20:01:33,756 - main - INFO - Included router: routers.shipments.router
2026-07-20 20:01:33,783 - main - INFO - Included router: routers.storage.router
2026-07-20 20:01:33,936 - main - INFO - Included router: routers.tenant_settings.router
2026-07-20 20:01:33,966 - main - INFO - Included router: routers.tenants.router
2026-07-20 20:01:33,976 - main - INFO - Included router: routers.user.router
2026-07-20 20:01:33,978 - main - INFO - === Application startup initiated ===
2026-07-20 20:01:33,978 - services.database - INFO - Ignore creating tables
2026-07-20 20:01:33,978 - services.mock_data - INFO - Ignore initialize data
2026-07-20 20:01:33,978 - services.auth - INFO - Ignore initialize admin
2026-07-20 20:01:33,979 - main - INFO - === Application startup completed successfully ===
2026-07-20 20:09:27,377 - core.config - DEBUG - Read dynamic attribute jwt_secret_key from environment variable JWT_SECRET_KEY
2026-07-20 20:09:27,378 - core.config - DEBUG - Read dynamic attribute jwt_algorithm from environment variable JWT_ALGORITHM
2026-07-20 20:09:27,390 - core.auth - DEBUG - Authentication token validated for user hash: 9e42908b
2026-07-20 20:21:27,774 - core.auth - DEBUG - Authentication token validated for user hash: 9e42908b
2026-07-20 20:44:46,950 - services.database - DEBUG - [DB_OP] Starting database close
2026-07-20 20:44:46,950 - services.database - INFO - Database connections closed
2026-07-20 20:44:46,951 - services.database - DEBUG - [DB_OP] Database close completed in 0.0011s
2026-07-20 20:45:08,711 - main - INFO - === Logging system initialized ===
2026-07-20 20:45:08,711 - main - INFO - Log file: logs/app_20260720.log
2026-07-20 20:45:08,711 - main - INFO - Log level: DEBUG
2026-07-20 20:45:08,711 - main - INFO - Log date: 20260720
2026-07-20 20:45:08,829 - main - INFO - Included router: routers.accounts.router
2026-07-20 20:45:08,860 - main - INFO - Included router: routers.ai_logs.router
2026-07-20 20:45:09,701 - main - INFO - Included router: routers.aihub.router
2026-07-20 20:45:09,719 - main - INFO - Included router: routers.auth.router
2026-07-20 20:45:09,728 - main - INFO - Included router: routers.compiler.router
2026-07-20 20:45:09,746 - main - INFO - Included router: routers.dashboard.router
2026-07-20 20:45:09,749 - main - INFO - Included router: routers.health.router
2026-07-20 20:45:09,779 - main - INFO - Included router: routers.ledger_entries.router
2026-07-20 20:45:09,806 - main - INFO - Included router: routers.ledger_transactions.router
2026-07-20 20:45:09,837 - main - INFO - Included router: routers.payment_verifications.router
2026-07-20 20:45:09,873 - main - INFO - Included router: routers.products.router
2026-07-20 20:45:09,891 - main - INFO - Included router: routers.settings.router
2026-07-20 20:45:09,925 - main - INFO - Included router: routers.shipments.router
2026-07-20 20:45:09,949 - main - INFO - Included router: routers.storage.router
2026-07-20 20:45:10,083 - main - INFO - Included router: routers.tenant_settings.router
2026-07-20 20:45:10,108 - main - INFO - Included router: routers.tenants.router
2026-07-20 20:45:10,116 - main - INFO - Included router: routers.user.router
2026-07-20 20:45:10,118 - main - INFO - === Application startup initiated ===
2026-07-20 20:45:10,118 - services.database - INFO - Ignore creating tables
2026-07-20 20:45:10,119 - services.mock_data - INFO - Ignore initialize data
2026-07-20 20:45:10,119 - services.auth - INFO - Ignore initialize admin
2026-07-20 20:45:10,119 - main - INFO - === Application startup completed successfully ===
2026-07-20 20:51:58,474 - core.config - DEBUG - Read dynamic attribute jwt_secret_key from environment variable JWT_SECRET_KEY
2026-07-20 20:51:58,475 - core.config - DEBUG - Read dynamic attribute jwt_algorithm from environment variable JWT_ALGORITHM
2026-07-20 20:51:58,489 - core.auth - DEBUG - Authentication token validated for user hash: 9e42908b
2026-07-20 20:53:52,596 - core.auth - DEBUG - Authentication token validated for user hash: 9e42908b
2026-07-20 21:13:00,327 - core.auth - DEBUG - Authentication token validated for user hash: 9e42908b
2026-07-20 21:13:30,952 - services.database - DEBUG - [DB_OP] Starting database close
2026-07-20 21:13:30,953 - services.database - INFO - Database connections closed
2026-07-20 21:13:30,953 - services.database - DEBUG - [DB_OP] Database close completed in 0.0008s
2026-07-20 21:13:32,429 - main - INFO - === Logging system initialized ===
2026-07-20 21:13:32,429 - main - INFO - Log file: logs/app_20260720.log
2026-07-20 21:13:32,429 - main - INFO - Log level: DEBUG
2026-07-20 21:13:32,429 - main - INFO - Log date: 20260720
2026-07-20 21:13:32,557 - main - INFO - Included router: routers.accounts.router
2026-07-20 21:13:32,588 - main - INFO - Included router: routers.ai_logs.router
2026-07-20 21:13:33,314 - main - INFO - Included router: routers.aihub.router
2026-07-20 21:13:33,329 - main - INFO - Included router: routers.auth.router
2026-07-20 21:13:33,336 - main - INFO - Included router: routers.compiler.router
2026-07-20 21:13:33,349 - main - INFO - Included router: routers.dashboard.router
2026-07-20 21:13:33,350 - main - INFO - Included router: routers.health.router
2026-07-20 21:13:33,377 - main - INFO - Included router: routers.ledger_entries.router
2026-07-20 21:13:33,402 - main - INFO - Included router: routers.ledger_transactions.router
2026-07-20 21:13:33,433 - main - INFO - Included router: routers.payment_verifications.router
2026-07-20 21:13:33,467 - main - INFO - Included router: routers.products.router
2026-07-20 21:13:33,479 - main - INFO - Included router: routers.settings.router
2026-07-20 21:13:33,514 - main - INFO - Included router: routers.shipments.router
2026-07-20 21:13:33,548 - main - INFO - Included router: routers.storage.router
2026-07-20 21:13:33,675 - main - INFO - Included router: routers.tenant_settings.router
2026-07-20 21:13:33,700 - main - INFO - Included router: routers.tenants.router
2026-07-20 21:13:33,711 - main - INFO - Included router: routers.user.router
2026-07-20 21:13:33,712 - main - INFO - === Application startup initiated ===
2026-07-20 21:13:33,712 - services.database - INFO - Ignore creating tables
2026-07-20 21:13:33,712 - services.mock_data - INFO - Ignore initialize data
2026-07-20 21:13:33,712 - services.auth - INFO - Ignore initialize admin
2026-07-20 21:13:33,712 - main - INFO - === Application startup completed successfully ===
2026-07-20 21:13:44,440 - services.database - DEBUG - [DB_OP] Starting database close
2026-07-20 21:13:44,440 - services.database - INFO - Database connections closed
2026-07-20 21:13:44,440 - services.database - DEBUG - [DB_OP] Database close completed in 0.0005s
2026-07-20 21:13:45,769 - main - INFO - === Logging system initialized ===
2026-07-20 21:13:45,769 - main - INFO - Log file: logs/app_20260720.log
2026-07-20 21:13:45,769 - main - INFO - Log level: DEBUG
2026-07-20 21:13:45,769 - main - INFO - Log date: 20260720
2026-07-20 21:13:45,866 - main - INFO - Included router: routers.accounts.router
2026-07-20 21:13:45,894 - main - INFO - Included router: routers.ai_logs.router
2026-07-20 21:13:46,597 - main - INFO - Included router: routers.aihub.router
2026-07-20 21:13:46,609 - main - INFO - Included router: routers.auth.router
2026-07-20 21:13:46,617 - main - INFO - Included router: routers.compiler.router
2026-07-20 21:13:46,629 - main - INFO - Included router: routers.dashboard.router
2026-07-20 21:13:46,632 - main - INFO - Included router: routers.health.router
2026-07-20 21:13:46,664 - main - INFO - Included router: routers.ledger_entries.router
2026-07-20 21:13:46,695 - main - INFO - Included router: routers.ledger_transactions.router
2026-07-20 21:13:46,737 - main - INFO - Included router: routers.payment_verifications.router
2026-07-20 21:13:46,775 - main - INFO - Included router: routers.products.router
2026-07-20 21:13:46,789 - main - INFO - Included router: routers.settings.router
2026-07-20 21:13:46,831 - main - INFO - Included router: routers.shipments.router
2026-07-20 21:13:46,860 - main - INFO - Included router: routers.storage.router
2026-07-20 21:13:46,986 - main - INFO - Included router: routers.tenant_settings.router
2026-07-20 21:13:47,019 - main - INFO - Included router: routers.tenants.router
2026-07-20 21:13:47,047 - main - INFO - Included router: routers.user.router
2026-07-20 21:13:47,049 - main - INFO - === Application startup initiated ===
2026-07-20 21:13:47,049 - services.database - INFO - Ignore creating tables
2026-07-20 21:13:47,049 - services.mock_data - INFO - Ignore initialize data
2026-07-20 21:13:47,050 - services.auth - INFO - Ignore initialize admin
2026-07-20 21:13:47,050 - main - INFO - === Application startup completed successfully ===
2026-07-20 21:14:02,089 - services.database - DEBUG - [DB_OP] Starting database close
2026-07-20 21:14:02,089 - services.database - INFO - Database connections closed
2026-07-20 21:14:02,089 - services.database - DEBUG - [DB_OP] Database close completed in 0.0004s
2026-07-20 21:14:03,335 - main - INFO - === Logging system initialized ===
2026-07-20 21:14:03,335 - main - INFO - Log file: logs/app_20260720.log
2026-07-20 21:14:03,335 - main - INFO - Log level: DEBUG
2026-07-20 21:14:03,335 - main - INFO - Log date: 20260720
2026-07-20 21:14:03,436 - main - INFO - Included router: routers.accounts.router
2026-07-20 21:14:03,465 - main - INFO - Included router: routers.ai_logs.router
2026-07-20 21:14:04,215 - main - INFO - Included router: routers.aihub.router
2026-07-20 21:14:04,232 - main - INFO - Included router: routers.auth.router
2026-07-20 21:14:04,242 - main - INFO - Included router: routers.compiler.router
2026-07-20 21:14:04,256 - main - INFO - Included router: routers.dashboard.router
2026-07-20 21:14:04,258 - main - INFO - Included router: routers.health.router
2026-07-20 21:14:04,288 - main - INFO - Included router: routers.ledger_entries.router
2026-07-20 21:14:04,318 - main - INFO - Included router: routers.ledger_transactions.router
2026-07-20 21:14:04,352 - main - INFO - Included router: routers.payment_verifications.router
2026-07-20 21:14:04,389 - main - INFO - Included router: routers.products.router
2026-07-20 21:14:04,404 - main - INFO - Included router: routers.settings.router
2026-07-20 21:14:04,439 - main - INFO - Included router: routers.shipments.router
2026-07-20 21:14:04,463 - main - INFO - Included router: routers.storage.router
2026-07-20 21:14:04,603 - main - INFO - Included router: routers.tenant_settings.router
2026-07-20 21:14:04,644 - main - INFO - Included router: routers.tenants.router
2026-07-20 21:14:04,650 - main - INFO - Included router: routers.user.router
2026-07-20 21:14:04,651 - main - INFO - === Application startup initiated ===
2026-07-20 21:14:04,652 - services.database - INFO - Ignore creating tables
2026-07-20 21:14:04,652 - services.mock_data - INFO - Ignore initialize data
2026-07-20 21:14:04,652 - services.auth - INFO - Ignore initialize admin
2026-07-20 21:14:04,652 - main - INFO - === Application startup completed successfully ===
2026-07-20 21:14:14,278 - services.database - DEBUG - [DB_OP] Starting database close
2026-07-20 21:14:14,279 - services.database - INFO - Database connections closed
2026-07-20 21:14:14,279 - services.database - DEBUG - [DB_OP] Database close completed in 0.0012s
2026-07-20 21:14:15,567 - main - INFO - === Logging system initialized ===
2026-07-20 21:14:15,567 - main - INFO - Log file: logs/app_20260720.log
2026-07-20 21:14:15,567 - main - INFO - Log level: DEBUG
2026-07-20 21:14:15,568 - main - INFO - Log date: 20260720
2026-07-20 21:14:15,670 - main - INFO - Included router: routers.accounts.router
2026-07-20 21:14:15,701 - main - INFO - Included router: routers.ai_logs.router
2026-07-20 21:14:16,482 - main - INFO - Included router: routers.aihub.router
2026-07-20 21:14:16,493 - main - INFO - Included router: routers.auth.router
2026-07-20 21:14:16,500 - main - INFO - Included router: routers.compiler.router
2026-07-20 21:14:16,514 - main - INFO - Included router: routers.dashboard.router
2026-07-20 21:14:16,515 - main - INFO - Included router: routers.health.router
2026-07-20 21:14:16,539 - main - INFO - Included router: routers.ledger_entries.router
2026-07-20 21:14:16,562 - main - INFO - Included router: routers.ledger_transactions.router
2026-07-20 21:14:16,592 - main - INFO - Included router: routers.payment_verifications.router
2026-07-20 21:14:16,622 - main - INFO - Included router: routers.products.router
2026-07-20 21:14:16,634 - main - INFO - Included router: routers.settings.router
2026-07-20 21:14:16,672 - main - INFO - Included router: routers.shipments.router
2026-07-20 21:14:16,697 - main - INFO - Included router: routers.storage.router
2026-07-20 21:14:16,822 - main - INFO - Included router: routers.tenant_settings.router
2026-07-20 21:14:16,858 - main - INFO - Included router: routers.tenants.router
2026-07-20 21:14:16,863 - main - INFO - Included router: routers.user.router
2026-07-20 21:14:16,864 - main - INFO - === Application startup initiated ===
2026-07-20 21:14:16,864 - services.database - INFO - Ignore creating tables
2026-07-20 21:14:16,864 - services.mock_data - INFO - Ignore initialize data
2026-07-20 21:14:16,864 - services.auth - INFO - Ignore initialize admin
2026-07-20 21:14:16,864 - main - INFO - === Application startup completed successfully ===
2026-07-20 21:14:19,076 - services.database - DEBUG - [DB_OP] Starting database close
2026-07-20 21:14:19,076 - services.database - INFO - Database connections closed
2026-07-20 21:14:19,077 - services.database - DEBUG - [DB_OP] Database close completed in 0.0006s
2026-07-20 21:14:20,320 - main - INFO - === Logging system initialized ===
2026-07-20 21:14:20,320 - main - INFO - Log file: logs/app_20260720.log
2026-07-20 21:14:20,320 - main - INFO - Log level: DEBUG
2026-07-20 21:14:20,320 - main - INFO - Log date: 20260720
2026-07-20 21:14:20,439 - main - INFO - Included router: routers.accounts.router
2026-07-20 21:14:20,474 - main - INFO - Included router: routers.ai_logs.router
2026-07-20 21:14:21,187 - main - INFO - Included router: routers.aihub.router
2026-07-20 21:14:21,200 - main - INFO - Included router: routers.auth.router
2026-07-20 21:14:21,212 - main - INFO - Included router: routers.compiler.router
2026-07-20 21:14:21,224 - main - INFO - Included router: routers.dashboard.router
2026-07-20 21:14:21,225 - main - INFO - Included router: routers.health.router
2026-07-20 21:14:21,249 - main - INFO - Included router: routers.ledger_entries.router
2026-07-20 21:14:21,275 - main - INFO - Included router: routers.ledger_transactions.router
2026-07-20 21:14:21,347 - main - INFO - Included router: routers.marketplace.router
2026-07-20 21:14:21,379 - main - INFO - Included router: routers.payment_verifications.router
2026-07-20 21:14:21,409 - main - INFO - Included router: routers.products.router
2026-07-20 21:14:21,423 - main - INFO - Included router: routers.settings.router
2026-07-20 21:14:21,454 - main - INFO - Included router: routers.shipments.router
2026-07-20 21:14:21,478 - main - INFO - Included router: routers.storage.router
2026-07-20 21:14:21,601 - main - INFO - Included router: routers.tenant_settings.router
2026-07-20 21:14:21,647 - main - INFO - Included router: routers.tenants.router
2026-07-20 21:14:21,654 - main - INFO - Included router: routers.user.router
2026-07-20 21:14:21,656 - main - INFO - === Application startup initiated ===
2026-07-20 21:14:21,656 - services.database - INFO - Ignore creating tables
2026-07-20 21:14:21,656 - services.mock_data - INFO - Ignore initialize data
2026-07-20 21:14:21,656 - services.auth - INFO - Ignore initialize admin
2026-07-20 21:14:21,656 - main - INFO - === Application startup completed successfully ===
2026-07-20 21:14:22,962 - services.database - DEBUG - [DB_OP] Starting database close
2026-07-20 21:14:22,962 - services.database - INFO - Database connections closed
2026-07-20 21:14:22,962 - services.database - DEBUG - [DB_OP] Database close completed in 0.0004s
2026-07-20 21:14:24,200 - main - INFO - === Logging system initialized ===
2026-07-20 21:14:24,201 - main - INFO - Log file: logs/app_20260720.log
2026-07-20 21:14:24,201 - main - INFO - Log level: DEBUG
2026-07-20 21:14:24,201 - main - INFO - Log date: 20260720
2026-07-20 21:14:24,294 - main - INFO - Included router: routers.accounts.router
2026-07-20 21:14:24,323 - main - INFO - Included router: routers.ai_logs.router
2026-07-20 21:14:25,117 - main - INFO - Included router: routers.aihub.router
2026-07-20 21:14:25,130 - main - INFO - Included router: routers.auth.router
2026-07-20 21:14:25,142 - main - INFO - Included router: routers.compiler.router
2026-07-20 21:14:25,158 - main - INFO - Included router: routers.dashboard.router
2026-07-20 21:14:25,159 - main - INFO - Included router: routers.health.router
2026-07-20 21:14:25,189 - main - INFO - Included router: routers.ledger_entries.router
2026-07-20 21:14:25,215 - main - INFO - Included router: routers.ledger_transactions.router
2026-07-20 21:14:25,257 - main - INFO - Included router: routers.logistics.router
2026-07-20 21:14:25,274 - main - INFO - Included router: routers.marketplace.router
2026-07-20 21:14:25,305 - main - INFO - Included router: routers.payment_verifications.router
2026-07-20 21:14:25,337 - main - INFO - Included router: routers.products.router
2026-07-20 21:14:25,350 - main - INFO - Included router: routers.settings.router
2026-07-20 21:14:25,386 - main - INFO - Included router: routers.shipments.router
2026-07-20 21:14:25,413 - main - INFO - Included router: routers.storage.router
2026-07-20 21:14:25,545 - main - INFO - Included router: routers.tenant_settings.router
2026-07-20 21:14:25,595 - main - INFO - Included router: routers.tenants.router
2026-07-20 21:14:25,604 - main - INFO - Included router: routers.user.router
2026-07-20 21:14:25,605 - main - INFO - === Application startup initiated ===
2026-07-20 21:14:25,605 - services.database - INFO - Ignore creating tables
2026-07-20 21:14:25,605 - services.mock_data - INFO - Ignore initialize data
2026-07-20 21:14:25,605 - services.auth - INFO - Ignore initialize admin
2026-07-20 21:14:25,605 - main - INFO - === Application startup completed successfully ===
2026-07-20 21:14:26,410 - services.database - DEBUG - [DB_OP] Starting database close
2026-07-20 21:14:26,410 - services.database - INFO - Database connections closed
2026-07-20 21:14:26,410 - services.database - DEBUG - [DB_OP] Database close completed in 0.0005s
2026-07-20 21:14:27,883 - main - INFO - === Logging system initialized ===
2026-07-20 21:14:27,883 - main - INFO - Log file: logs/app_20260720.log
2026-07-20 21:14:27,883 - main - INFO - Log level: DEBUG
2026-07-20 21:14:27,883 - main - INFO - Log date: 20260720
2026-07-20 21:14:28,021 - main - INFO - Included router: routers.accounts.router
2026-07-20 21:14:28,069 - main - INFO - Included router: routers.ai_logs.router
2026-07-20 21:14:28,825 - main - INFO - Included router: routers.aihub.router
2026-07-20 21:14:28,839 - main - INFO - Included router: routers.auth.router
2026-07-20 21:14:28,847 - main - INFO - Included router: routers.compiler.router
2026-07-20 21:14:28,860 - main - INFO - Included router: routers.dashboard.router
2026-07-20 21:14:28,862 - main - INFO - Included router: routers.health.router
2026-07-20 21:14:28,891 - main - INFO - Included router: routers.ledger_entries.router
2026-07-20 21:14:28,920 - main - INFO - Included router: routers.ledger_transactions.router
2026-07-20 21:14:28,933 - main - INFO - Included router: routers.logistics.router
2026-07-20 21:14:28,949 - main - INFO - Included router: routers.marketplace.router
2026-07-20 21:14:28,985 - main - INFO - Included router: routers.payment_verifications.router
2026-07-20 21:14:29,168 - main - INFO - Included router: routers.payments_gateway.router
2026-07-20 21:14:29,199 - main - INFO - Included router: routers.products.router
2026-07-20 21:14:29,212 - main - INFO - Included router: routers.settings.router
2026-07-20 21:14:29,241 - main - INFO - Included router: routers.shipments.router
2026-07-20 21:14:29,268 - main - INFO - Included router: routers.storage.router
2026-07-20 21:14:29,383 - main - INFO - Included router: routers.tenant_settings.router
2026-07-20 21:14:29,407 - main - INFO - Included router: routers.tenants.router
2026-07-20 21:14:29,415 - main - INFO - Included router: routers.user.router
2026-07-20 21:14:29,416 - main - INFO - === Application startup initiated ===
2026-07-20 21:14:29,416 - services.database - INFO - Ignore creating tables
2026-07-20 21:14:29,416 - services.mock_data - INFO - Ignore initialize data
2026-07-20 21:14:29,416 - services.auth - INFO - Ignore initialize admin
2026-07-20 21:14:29,417 - main - INFO - === Application startup completed successfully ===
2026-07-20 21:14:30,119 - services.database - DEBUG - [DB_OP] Starting database close
2026-07-20 21:14:30,119 - services.database - INFO - Database connections closed
2026-07-20 21:14:30,119 - services.database - DEBUG - [DB_OP] Database close completed in 0.0005s
2026-07-20 21:14:31,405 - main - INFO - === Logging system initialized ===
2026-07-20 21:14:31,405 - main - INFO - Log file: logs/app_20260720.log
2026-07-20 21:14:31,405 - main - INFO - Log level: DEBUG
2026-07-20 21:14:31,405 - main - INFO - Log date: 20260720
2026-07-20 21:14:31,514 - main - INFO - Included router: routers.accounts.router
2026-07-20 21:14:31,547 - main - INFO - Included router: routers.ai_logs.router
2026-07-20 21:14:32,358 - main - INFO - Included router: routers.aihub.router
2026-07-20 21:14:32,371 - main - INFO - Included router: routers.auth.router
2026-07-20 21:14:32,381 - main - INFO - Included router: routers.compiler.router
2026-07-20 21:14:32,394 - main - INFO - Included router: routers.dashboard.router
2026-07-20 21:14:32,395 - main - INFO - Included router: routers.health.router
2026-07-20 21:14:32,403 - main - INFO - Included router: routers.ledger.router
2026-07-20 21:14:32,428 - main - INFO - Included router: routers.ledger_entries.router
2026-07-20 21:14:32,453 - main - INFO - Included router: routers.ledger_transactions.router
2026-07-20 21:14:32,463 - main - INFO - Included router: routers.logistics.router
2026-07-20 21:14:32,473 - main - INFO - Included router: routers.marketplace.router
2026-07-20 21:14:32,505 - main - INFO - Included router: routers.payment_verifications.router
2026-07-20 21:14:32,513 - main - INFO - Included router: routers.payments_gateway.router
2026-07-20 21:14:32,540 - main - INFO - Included router: routers.products.router
2026-07-20 21:14:32,555 - main - INFO - Included router: routers.settings.router
2026-07-20 21:14:32,588 - main - INFO - Included router: routers.shipments.router
2026-07-20 21:14:32,621 - main - INFO - Included router: routers.storage.router
2026-07-20 21:14:32,763 - main - INFO - Included router: routers.tenant_settings.router
2026-07-20 21:14:32,790 - main - INFO - Included router: routers.tenants.router
2026-07-20 21:14:32,799 - main - INFO - Included router: routers.user.router
2026-07-20 21:14:32,800 - main - INFO - === Application startup initiated ===
2026-07-20 21:14:32,800 - services.database - INFO - Ignore creating tables
2026-07-20 21:14:32,801 - services.mock_data - INFO - Ignore initialize data
2026-07-20 21:14:32,801 - services.auth - INFO - Ignore initialize admin
2026-07-20 21:14:32,801 - main - INFO - === Application startup completed successfully ===
2026-07-20 21:17:56,311 - core.config - DEBUG - Read dynamic attribute jwt_secret_key from environment variable JWT_SECRET_KEY
2026-07-20 21:17:56,311 - core.config - DEBUG - Read dynamic attribute jwt_algorithm from environment variable JWT_ALGORITHM
2026-07-20 21:17:56,324 - core.auth - DEBUG - Authentication token validated for user hash: 9e42908b
2026-07-20 21:22:31,481 - core.auth - DEBUG - Authentication token validated for user hash: 9e42908b
2026-07-20 21:27:51,020 - services.database - DEBUG - [DB_OP] Starting database close
2026-07-20 21:27:51,021 - services.database - INFO - Database connections closed
2026-07-20 21:27:51,021 - services.database - DEBUG - [DB_OP] Database close completed in 0.0009s
